e:\stasm4.1.0\vc10\debug\vc120.pdb
e:\stasm4.1.0\vc10\debug\vc120.idb
e:\stasm4.1.0\vc10\debug\classicdesc.obj
e:\stasm4.1.0\vc10\debug\convshape.obj
e:\stasm4.1.0\vc10\debug\err.obj
e:\stasm4.1.0\vc10\debug\eyedet.obj
e:\stasm4.1.0\vc10\debug\eyedist.obj
e:\stasm4.1.0\vc10\debug\faceroi.obj
e:\stasm4.1.0\vc10\debug\hat.obj
e:\stasm4.1.0\vc10\debug\hatdesc.obj
e:\stasm4.1.0\vc10\debug\landmarks.obj
e:\stasm4.1.0\vc10\debug\misc.obj
e:\stasm4.1.0\vc10\debug\facedet.obj
e:\stasm4.1.0\vc10\debug\initasm.obj
e:\stasm4.1.0\vc10\debug\pinstart.obj
e:\stasm4.1.0\vc10\debug\print.obj
e:\stasm4.1.0\vc10\debug\shape17.obj
e:\stasm4.1.0\vc10\debug\shapehacks.obj
e:\stasm4.1.0\vc10\debug\shapemod.obj
e:\stasm4.1.0\vc10\debug\startshape.obj
e:\stasm4.1.0\vc10\debug\stasm.obj
e:\stasm4.1.0\vc10\debug\stasm_lib.obj
e:\stasm4.1.0\vc10\debug\minimal.obj
e:\stasm4.1.0\vc10\debug\asm.obj
e:\stasm4.1.0\vc10\minimal.ilk
e:\stasm4.1.0\vc10\minimal.exe
e:\stasm4.1.0\vc10\minimal.pdb
e:\stasm4.1.0\vc10\\minimal.pdb
e:\stasm4.1.0\vc10\\minimal.exe
e:\stasm4.1.0\vc10\\minimal.ilk
e:\stasm4.1.0\vc10\debug\minimal.tlog\cl.command.1.tlog
e:\stasm4.1.0\vc10\debug\minimal.tlog\cl.read.1.tlog
e:\stasm4.1.0\vc10\debug\minimal.tlog\cl.write.1.tlog
e:\stasm4.1.0\vc10\debug\minimal.tlog\link.command.1.tlog
e:\stasm4.1.0\vc10\debug\minimal.tlog\link.read.1.tlog
e:\stasm4.1.0\vc10\debug\minimal.tlog\link.write.1.tlog
